{
  "RSpec": {
    "coverage": {
      "/home/james/dev/pageUp/spec/lib/car_spec.rb": {
        "lines": [
          null,
          null,
          null,
          null,
          1,
          null,
          1,
          1,
          2,
          2,
          2,
          1,
          1,
          1,
          1,
          null,
          null,
          null
        ]
      },
      "/home/james/dev/pageUp/lib/car.rb": {
        "lines": [
          null,
          null,
          1,
          1,
          1,
          1,
          null,
          1,
          1,
          null,
          1,
          33,
          33,
          null,
          null
        ]
      },
      "/home/james/dev/pageUp/spec/lib/driver_spec.rb": {
        "lines": [
          null,
          null,
          null,
          null,
          1,
          1,
          1,
          null,
          1,
          1,
          3,
          2,
          1,
          1,
          1,
          1,
          1,
          null,
          null,
          1,
          2,
          2,
          2,
          null,
          null,
          null,
          1,
          3,
          2,
          2,
          2,
          1,
          1,
          null,
          null,
          null,
          null,
          null,
          null,
          1,
          1,
          1,
          1,
          1,
          null,
          null,
          null,
          null,
          null,
          null,
          null,
          null,
          null,
          null,
          1,
          1,
          1,
          1,
          1,
          1,
          1,
          1,
          1,
          null,
          1,
          1,
          null,
          1,
          1,
          null,
          null,
          null,
          null,
          null,
          null,
          null,
          null,
          1,
          1,
          1,
          null,
          null,
          null,
          null
        ]
      },
      "/home/james/dev/pageUp/lib/driver.rb": {
        "lines": [
          null,
          null,
          1,
          1,
          null,
          null,
          null,
          1,
          1,
          null,
          1,
          5,
          5,
          null,
          null,
          1,
          9,
          null,
          null,
          1,
          3,
          3,
          3,
          null,
          3,
          5,
          5,
          5,
          5,
          null,
          null,
          3,
          3,
          3,
          null,
          null,
          null,
          null,
          null,
          null,
          null,
          null,
          null,
          null,
          null,
          null,
          null,
          null,
          null,
          null,
          null,
          null,
          null,
          null,
          null,
          null,
          null,
          null,
          null,
          1,
          1,
          1,
          null,
          1,
          null,
          2,
          2,
          2,
          null,
          2,
          null,
          null,
          null,
          null,
          null,
          1,
          1,
          1,
          null,
          null
        ]
      },
      "/home/james/dev/pageUp/lib/rental.rb": {
        "lines": [
          null,
          null,
          1,
          1,
          null,
          1,
          31,
          31,
          null,
          31,
          null,
          null,
          1,
          11,
          null,
          null,
          1,
          25,
          null,
          7,
          null,
          9,
          null,
          9,
          null,
          null,
          null,
          1,
          29,
          null,
          null
        ]
      },
      "/home/james/dev/pageUp/spec/lib/rental_spec.rb": {
        "lines": [
          null,
          null,
          null,
          null,
          1,
          null,
          1,
          1,
          1,
          2,
          null,
          null,
          1,
          1,
          2,
          2,
          2,
          2,
          2,
          2,
          null,
          1,
          1,
          1,
          1,
          1,
          1,
          1,
          null,
          null,
          null,
          1,
          2,
          2,
          2,
          2,
          2,
          2,
          null,
          1,
          1,
          1,
          1,
          1,
          1,
          1,
          null,
          null,
          null,
          1,
          2,
          2,
          2,
          2,
          2,
          2,
          null,
          1,
          1,
          1,
          1,
          1,
          1,
          1,
          null,
          null,
          null,
          null,
          1,
          3,
          1,
          1,
          1,
          null,
          null,
          1,
          1,
          1,
          null,
          null,
          null,
          1,
          2,
          2,
          2,
          2,
          null,
          1,
          1,
          1,
          1,
          1,
          null,
          null,
          null
        ]
      },
      "/home/james/dev/pageUp/spec/factories/cars.rb": {
        "lines": [
          null,
          null,
          1,
          1,
          1,
          1,
          null,
          1,
          2,
          2,
          null,
          null,
          1,
          2,
          2,
          null,
          null,
          1,
          2,
          2,
          null,
          null,
          4,
          null,
          null
        ]
      },
      "/home/james/dev/pageUp/spec/factories/drivers.rb": {
        "lines": [
          null,
          null,
          1,
          1,
          5,
          null,
          5,
          null,
          null
        ]
      },
      "/home/james/dev/pageUp/spec/factories/rentals.rb": {
        "lines": [
          null,
          null,
          1,
          1,
          1,
          11,
          null,
          1,
          12,
          null,
          null,
          1,
          9,
          null,
          null,
          1,
          10,
          null,
          null,
          29,
          null,
          null
        ]
      }
    },
    "timestamp": 1624541150
  }
}
